# JRE version: Java(TM) SE Runtime Environment (8.0_131-b11) (build 1.8.0_131-b11)
# Java VM: Java HotSpot(TM) 64-Bit Server VM (25.131-b11 mixed mode windows-amd64 compressed oops)
Heap:
 PSYoungGen      total 25088K, used 23333K [0x00000000d5f80000, 0x00000000d8180000, 0x0000000100000000)
  eden space 24576K, 93% used [0x00000000d5f80000,0x00000000d75f5ef0,0x00000000d7780000)
  from space 512K, 65% used [0x00000000d7800000,0x00000000d78538a0,0x00000000d7880000)
  to   space 5120K, 0% used [0x00000000d7c80000,0x00000000d7c80000,0x00000000d8180000)
 ParOldGen       total 87552K, used 12088K [0x0000000081e00000, 0x0000000087380000, 0x00000000d5f80000)
  object space 87552K, 13% used [0x0000000081e00000,0x00000000829ce318,0x0000000087380000)
 Metaspace       used 10061K, capacity 10268K, committed 10496K, reserved 1058816K
  class space    used 1120K, capacity 1215K, committed 1280K, reserved 1048576K
GC Heap History (10 events):
Event: 38.050 GC heap before
{Heap before GC invocations=17 (full 0):
 PSYoungGen      total 32256K, used 27392K [0x00000000d5f80000, 0x00000000d8600000, 0x0000000100000000)
  eden space 27136K, 100% used [0x00000000d5f80000,0x00000000d7a00000,0x00000000d7a00000)
  from space 5120K, 5% used [0x00000000d8100000,0x00000000d8140000,0x00000000d8600000)
  to   space 6144K, 0% used [0x00000000d7a00000,0x00000000d7a00000,0x00000000d8000000)
 ParOldGen       total 87552K, used 11848K [0x0000000081e00000, 0x0000000087380000, 0x00000000d5f80000)
  object space 87552K, 13% used [0x0000000081e00000,0x0000000082992318,0x0000000087380000)
 Metaspace       used 9950K, capacity 10162K, committed 10496K, reserved 1058816K
  class space    used 1111K, capacity 1182K, committed 1280K, reserved 1048576K
Event: 38.051 GC heap after
Heap after GC invocations=17 (full 0):
 PSYoungGen      total 27136K, used 437K [0x00000000d5f80000, 0x00000000d8580000, 0x0000000100000000)
  eden space 26624K, 0% used [0x00000000d5f80000,0x00000000d5f80000,0x00000000d7980000)
  from space 512K, 85% used [0x00000000d7a00000,0x00000000d7a6d4f0,0x00000000d7a80000)
  to   space 6144K, 0% used [0x00000000d7f80000,0x00000000d7f80000,0x00000000d8580000)
 ParOldGen       total 87552K, used 11872K [0x0000000081e00000, 0x0000000087380000, 0x00000000d5f80000)
  object space 87552K, 13% used [0x0000000081e00000,0x0000000082998318,0x0000000087380000)
 Metaspace       used 9950K, capacity 10162K, committed 10496K, reserved 1058816K
  class space    used 1111K, capacity 1182K, committed 1280K, reserved 1048576K
}
Event: 40.325 GC heap before
{Heap before GC invocations=18 (full 0):
 PSYoungGen      total 27136K, used 27061K [0x00000000d5f80000, 0x00000000d8580000, 0x0000000100000000)
  eden space 26624K, 100% used [0x00000000d5f80000,0x00000000d7980000,0x00000000d7980000)
  from space 512K, 85% used [0x00000000d7a00000,0x00000000d7a6d4f0,0x00000000d7a80000)
  to   space 6144K, 0% used [0x00000000d7f80000,0x00000000d7f80000,0x00000000d8580000)
 ParOldGen       total 87552K, used 11872K [0x0000000081e00000, 0x0000000087380000, 0x00000000d5f80000)
  object space 87552K, 13% used [0x0000000081e00000,0x0000000082998318,0x0000000087380000)
 Metaspace       used 9957K, capacity 10162K, committed 10496K, reserved 1058816K
  class space    used 1111K, capacity 1182K, committed 1280K, reserved 1048576K
Event: 40.326 GC heap after
Heap after GC invocations=18 (full 0):
 PSYoungGen      total 30720K, used 405K [0x00000000d5f80000, 0x00000000d8400000, 0x0000000100000000)
  eden space 26112K, 0% used [0x00000000d5f80000,0x00000000d5f80000,0x00000000d7900000)
  from space 4608K, 8% used [0x00000000d7f80000,0x00000000d7fe54f0,0x00000000d8400000)
  to   space 5632K, 0% used [0x00000000d7900000,0x00000000d7900000,0x00000000d7e80000)
 ParOldGen       total 87552K, used 11928K [0x0000000081e00000, 0x0000000087380000, 0x00000000d5f80000)
  object space 87552K, 13% used [0x0000000081e00000,0x00000000829a6318,0x0000000087380000)
 Metaspace       used 9957K, capacity 10162K, committed 10496K, reserved 1058816K
  class space    used 1111K, capacity 1182K, committed 1280K, reserved 1048576K
}
Event: 43.309 GC heap before
{Heap before GC invocations=19 (full 0):
 PSYoungGen      total 30720K, used 26517K [0x00000000d5f80000, 0x00000000d8400000, 0x0000000100000000)
  eden space 26112K, 100% used [0x00000000d5f80000,0x00000000d7900000,0x00000000d7900000)
  from space 4608K, 8% used [0x00000000d7f80000,0x00000000d7fe54f0,0x00000000d8400000)
  to   space 5632K, 0% used [0x00000000d7900000,0x00000000d7900000,0x00000000d7e80000)
 ParOldGen       total 87552K, used 11928K [0x0000000081e00000, 0x0000000087380000, 0x00000000d5f80000)
  object space 87552K, 13% used [0x0000000081e00000,0x00000000829a6318,0x0000000087380000)
 Metaspace       used 10039K, capacity 10264K, committed 10496K, reserved 1058816K
  class space    used 1120K, capacity 1215K, committed 1280K, reserved 1048576K
Event: 43.310 GC heap after
Heap after GC invocations=19 (full 0):
 PSYoungGen      total 26112K, used 334K [0x00000000d5f80000, 0x00000000d8380000, 0x0000000100000000)
  eden space 25600K, 0% used [0x00000000d5f80000,0x00000000d5f80000,0x00000000d7880000)
  from space 512K, 65% used [0x00000000d7900000,0x00000000d79538a0,0x00000000d7980000)
  to   space 5632K, 0% used [0x00000000d7e00000,0x00000000d7e00000,0x00000000d8380000)
 ParOldGen       total 87552K, used 11976K [0x0000000081e00000, 0x0000000087380000, 0x00000000d5f80000)
  object space 87552K, 13% used [0x0000000081e00000,0x00000000829b2318,0x0000000087380000)
 Metaspace       used 10039K, capacity 10264K, committed 10496K, reserved 1058816K
  class space    used 1120K, capacity 1215K, committed 1280K, reserved 1048576K
}
Event: 46.495 GC heap before
{Heap before GC invocations=20 (full 0):
 PSYoungGen      total 26112K, used 25934K [0x00000000d5f80000, 0x00000000d8380000, 0x0000000100000000)
  eden space 25600K, 100% used [0x00000000d5f80000,0x00000000d7880000,0x00000000d7880000)
  from space 512K, 65% used [0x00000000d7900000,0x00000000d79538a0,0x00000000d7980000)
  to   space 5632K, 0% used [0x00000000d7e00000,0x00000000d7e00000,0x00000000d8380000)
 ParOldGen       total 87552K, used 11976K [0x0000000081e00000, 0x0000000087380000, 0x00000000d5f80000)
  object space 87552K, 13% used [0x0000000081e00000,0x00000000829b2318,0x0000000087380000)
 Metaspace       used 10044K, capacity 10264K, committed 10496K, reserved 1058816K
  class space    used 1120K, capacity 1215K, committed 1280K, reserved 1048576K
Event: 46.496 GC heap after
Heap after GC invocations=20 (full 0):
 PSYoungGen      total 29184K, used 373K [0x00000000d5f80000, 0x00000000d8200000, 0x0000000100000000)
  eden space 25088K, 0% used [0x00000000d5f80000,0x00000000d5f80000,0x00000000d7800000)
  from space 4096K, 9% used [0x00000000d7e00000,0x00000000d7e5d4f0,0x00000000d8200000)
  to   space 5120K, 0% used [0x00000000d7800000,0x00000000d7800000,0x00000000d7d00000)
 ParOldGen       total 87552K, used 12040K [0x0000000081e00000, 0x0000000087380000, 0x00000000d5f80000)
  object space 87552K, 13% used [0x0000000081e00000,0x00000000829c2318,0x0000000087380000)
 Metaspace       used 10044K, capacity 10264K, committed 10496K, reserved 1058816K
  class space    used 1120K, capacity 1215K, committed 1280K, reserved 1048576K
}
Event: 48.314 GC heap before
{Heap before GC invocations=21 (full 0):
 PSYoungGen      total 29184K, used 25461K [0x00000000d5f80000, 0x00000000d8200000, 0x0000000100000000)
  eden space 25088K, 100% used [0x00000000d5f80000,0x00000000d7800000,0x00000000d7800000)
  from space 4096K, 9% used [0x00000000d7e00000,0x00000000d7e5d4f0,0x00000000d8200000)
  to   space 5120K, 0% used [0x00000000d7800000,0x00000000d7800000,0x00000000d7d00000)
 ParOldGen       total 87552K, used 12040K [0x0000000081e00000, 0x0000000087380000, 0x00000000d5f80000)
  object space 87552K, 13% used [0x0000000081e00000,0x00000000829c2318,0x0000000087380000)
 Metaspace       used 10044K, capacity 10264K, committed 10496K, reserved 1058816K
  class space    used 1120K, capacity 1215K, committed 1280K, reserved 1048576K
Event: 48.315 GC heap after
Heap after GC invocations=21 (full 0):
 PSYoungGen      total 25088K, used 334K [0x00000000d5f80000, 0x00000000d8180000, 0x0000000100000000)
  eden space 24576K, 0% used [0x00000000d5f80000,0x00000000d5f80000,0x00000000d7780000)
  from space 512K, 65% used [0x00000000d7800000,0x00000000d78538a0,0x00000000d7880000)
  to   space 5120K, 0% used [0x00000000d7c80000,0x00000000d7c80000,0x00000000d8180000)
 ParOldGen       total 87552K, used 12088K [0x0000000081e00000, 0x0000000087380000, 0x00000000d5f80000)
  object space 87552K, 13% used [0x0000000081e00000,0x00000000829ce318,0x0000000087380000)
 Metaspace       used 10044K, capacity 10264K, committed 10496K, reserved 1058816K
  class space    used 1120K, capacity 1215K, committed 1280K, reserved 1048576K
}

